<?xml version="1.0" encoding="UTF-8"?>
<!-- Generated by org.testng.reporters.JUnitReportReporter -->
<testsuite hostname="purushs-MacBook-Pro-2.local" name="com.winmobtech.test.TestNGExampleForTestPriority" tests="4" failures="0" timestamp="15 Aug 2016 10:01:29 GMT" time="0.015" errors="0">
  <testcase name="runTest1" time="0.007" classname="com.winmobtech.test.TestNGExampleForTestPriority"/>
  <testcase name="runTest3" time="0.003" classname="com.winmobtech.test.TestNGExampleForTestPriority"/>
  <testcase name="runTest2" time="0.004" classname="com.winmobtech.test.TestNGExampleForTestPriority"/>
  <testcase name="runTest4" time="0.001" classname="com.winmobtech.test.TestNGExampleForTestPriority"/>
</testsuite> <!-- com.winmobtech.test.TestNGExampleForTestPriority -->
