<?xml version="1.0" encoding="UTF-8"?>
<!-- Generated by org.testng.reporters.JUnitReportReporter -->
<testsuite hostname="purushs-MacBook-Pro-2.local" name="com.winmobtech.test.TestNGExampleForGroup" tests="2" failures="0" timestamp="15 Aug 2016 10:32:45 GMT" time="0.005" errors="0">
  <testcase name="runTest1" time="0.002" classname="com.winmobtech.test.TestNGExampleForGroup"/>
  <testcase name="runTest2" time="0.003" classname="com.winmobtech.test.TestNGExampleForGroup"/>
</testsuite> <!-- com.winmobtech.test.TestNGExampleForGroup -->
