<?xml version="1.0" encoding="UTF-8"?>
<!-- Generated by org.testng.reporters.JUnitReportReporter -->
<testsuite hostname="purushs-MacBook-Pro-2.local" name="com.winmobtext.suite.Dataprovider" tests="1" failures="0" timestamp="15 Aug 2016 11:48:23 GMT" time="0.015" errors="0">
  <testcase name="f" time="0.015" classname="com.winmobtext.suite.Dataprovider"/>
</testsuite> <!-- com.winmobtext.suite.Dataprovider -->
