<?xml version="1.0" encoding="UTF-8"?>
<!-- Generated by org.testng.reporters.JUnitReportReporter -->
<testsuite hostname="purushs-MacBook-Pro-2.local" name="com.winmobtech.test.TestNGExampleForTestSkipping" tests="3" failures="0" timestamp="15 Aug 2016 10:53:24 GMT" time="0.042" errors="0">
  <testcase name="runTest1" time="0.038" classname="com.winmobtech.test.TestNGExampleForTestSkipping"/>
  <testcase name="runTest3" time="0.003" classname="com.winmobtech.test.TestNGExampleForTestSkipping"/>
  <testcase name="runTest2" time="0.001" classname="com.winmobtech.test.TestNGExampleForTestSkipping"/>
</testsuite> <!-- com.winmobtech.test.TestNGExampleForTestSkipping -->
