<?xml version="1.0" encoding="UTF-8"?>
<!-- Generated by org.testng.reporters.JUnitReportReporter -->
<testsuite hostname="purushs-MacBook-Pro-2.local" name="com.winmobtech.test.TestNGExampleTest" tests="2" failures="0" timestamp="15 Aug 2016 09:57:40 GMT" time="0.011" errors="0">
  <testcase name="runTest1" time="0.009" classname="com.winmobtech.test.TestNGExampleTest"/>
  <testcase name="runTest2" time="0.002" classname="com.winmobtech.test.TestNGExampleTest"/>
</testsuite> <!-- com.winmobtech.test.TestNGExampleTest -->
