<?xml version="1.0" encoding="UTF-8"?>
<!-- Generated by org.testng.reporters.JUnitReportReporter -->
<testsuite hostname="purushs-MacBook-Pro-2.local" name="com.winmobtech.test.TestNGExampleForGroupDependency" tests="3" failures="0" timestamp="15 Aug 2016 10:32:45 GMT" time="0.011" errors="0">
  <testcase name="runTest2" time="0.002" classname="com.winmobtech.test.TestNGExampleForGroupDependency"/>
  <testcase name="runTest1" time="0.007" classname="com.winmobtech.test.TestNGExampleForGroupDependency"/>
  <testcase name="runTest6" time="0.002" classname="com.winmobtech.test.TestNGExampleForGroupDependency"/>
</testsuite> <!-- com.winmobtech.test.TestNGExampleForGroupDependency -->
