<?xml version="1.0" encoding="UTF-8"?>
<!-- Generated by org.testng.reporters.JUnitReportReporter -->
<testsuite hostname="purushs-MacBook-Pro-2.local" name="com.winmobtech.test.TestNGExampleForDependency" tests="4" failures="0" timestamp="15 Aug 2016 10:09:08 GMT" time="0.021" errors="0">
  <testcase name="runTest2" time="0.002" classname="com.winmobtech.test.TestNGExampleForDependency"/>
  <testcase name="runTest1" time="0.003" classname="com.winmobtech.test.TestNGExampleForDependency"/>
  <testcase name="runTest4" time="0.004" classname="com.winmobtech.test.TestNGExampleForDependency"/>
  <testcase name="runTest3" time="0.012" classname="com.winmobtech.test.TestNGExampleForDependency"/>
</testsuite> <!-- com.winmobtech.test.TestNGExampleForDependency -->
